[19:39:42] [ServerMain/INFO]: [bootstrap] Running Java 21 (OpenJDK 64-Bit Server VM 21.0.6+7-Ubuntu-120.04.1; Ubuntu null) on Linux 6.5.0-1025-azure (amd64)
[19:39:42] [ServerMain/INFO]: [bootstrap] Loading Paper 1.21-130-master@b1b5d4c (2024-08-10T10:02:42Z) for Minecraft 1.21
[19:39:42] [ServerMain/INFO]: [PluginInitializerManager] Initializing plugins...
[19:39:43] [ServerMain/INFO]: [PluginInitializerManager] Initialized 5 plugins
[19:39:43] [ServerMain/INFO]: [PluginInitializerManager] Bukkit plugins (5):
 - BetterTeams (4.11.0), Essentials (2.21.0-dev+185-5bf158c), EssentialsChat (2.21.0-dev+185-5bf158c), EssentialsSpawn (2.21.0-dev+185-5bf158c), voicechat (2.5.26)
[19:39:49] [ServerMain/INFO]: Environment: Environment[sessionHost=https://sessionserver.mojang.com, servicesHost=https://api.minecraftservices.com, name=PROD]
[19:39:51] [ServerMain/INFO]: Loaded 1290 recipes
[19:39:52] [ServerMain/INFO]: Loaded 1399 advancements
[19:39:52] [Server thread/INFO]: Starting minecraft server version 1.21
[19:39:52] [Server thread/INFO]: Loading properties
[19:39:52] [Server thread/INFO]: This server is running Paper version 1.21-130-master@b1b5d4c (2024-08-10T10:02:42Z) (Implementing API version 1.21-R0.1-SNAPSHOT)
[19:39:53] [Server thread/INFO]: [spark] This server bundles the spark profiler. For more information please visit https://docs.papermc.io/paper/profiling
[19:39:53] [Server thread/INFO]: Server Ping Player Sample Count: 12
[19:39:53] [Server thread/INFO]: Using 4 threads for Netty based IO
[19:39:54] [Server thread/INFO]: [ChunkTaskScheduler] Chunk system is using 1 I/O threads, 1 worker threads, and population gen parallelism of 1 threads
[19:39:54] [Server thread/INFO]: Default game type: SURVIVAL
[19:39:54] [Server thread/INFO]: Generating keypair
[19:39:54] [Server thread/INFO]: Starting Minecraft server on *:25565
[19:39:54] [Server thread/INFO]: Using epoll channel type
[19:39:54] [Server thread/INFO]: Paper: Using libdeflate (Linux x86_64) compression from Velocity.
[19:39:54] [Server thread/INFO]: Paper: Using OpenSSL 1.1.x (Linux x86_64) cipher from Velocity.
[19:39:55] [Server thread/INFO]: [Essentials] Loading server plugin Essentials v2.21.0-dev+185-5bf158c
[19:39:55] [Server thread/INFO]: [EssentialsChat] Loading server plugin EssentialsChat v2.21.0-dev+185-5bf158c
[19:39:55] [Server thread/INFO]: [BetterTeams] Loading server plugin BetterTeams v4.11.0
[19:39:55] [Server thread/INFO]: [BetterTeams] Checking if the file config.yml is up to date
[19:39:55] [Server thread/INFO]: [BetterTeams] File is up to date
[19:39:55] [Server thread/INFO]: [voicechat] Loading server plugin voicechat v2.5.26
[19:39:55] [Server thread/INFO]: [EssentialsSpawn] Loading server plugin EssentialsSpawn v2.21.0-dev+185-5bf158c
[19:39:55] [Server thread/INFO]: Server permissions file permissions.yml is empty, ignoring it
[19:39:55] [Server thread/WARN]: **** SERVER IS RUNNING IN OFFLINE/INSECURE MODE!
[19:39:55] [Server thread/WARN]: The server will make no attempt to authenticate usernames. Beware.
[19:39:55] [Server thread/WARN]: While this makes the game possible to play without internet access, it also opens up the ability for hackers to connect with any username they choose.
[19:39:55] [Server thread/WARN]: To change this, set "online-mode" to "true" in the server.properties file.
[19:39:55] [Server thread/INFO]: Preparing level "world"
[19:39:56] [Server thread/INFO]: Preparing start region for dimension minecraft:overworld
[19:39:58] [Server thread/INFO]: Time elapsed: 1620 ms
[19:39:58] [Server thread/INFO]: Preparing start region for dimension minecraft:the_nether
[19:39:58] [Server thread/INFO]: Time elapsed: 231 ms
[19:39:58] [Server thread/INFO]: Preparing start region for dimension minecraft:the_end
[19:39:58] [Server thread/INFO]: Time elapsed: 155 ms
[19:39:58] [Server thread/INFO]: [Essentials] Enabling Essentials v2.21.0-dev+185-5bf158c
[19:40:00] [Server thread/ERROR]: [Essentials] You are running an unsupported server version!
[19:40:01] [Server thread/INFO]: [Essentials] Attempting to convert old kits in config.yml to new kits.yml
[19:40:01] [Server thread/INFO]: [Essentials] No kits found to migrate.
[19:40:01] [Server thread/INFO]: [Essentials] Selected Paper Known Commands Provider as the provider for KnownCommandsProvider
[19:40:01] [Server thread/INFO]: [Essentials] Selected Paper Server State Provider as the provider for ServerStateProvider
[19:40:01] [Server thread/INFO]: [Essentials] Selected Paper Tick Count Provider as the provider for TickCountProvider
[19:40:01] [Server thread/INFO]: [Essentials] Selected Paper Biome Key Provider as the provider for BiomeKeyProvider
[19:40:01] [Server thread/INFO]: [Essentials] Selected Paper Material Tag Provider as the provider for MaterialTagProvider
[19:40:01] [Server thread/INFO]: [Essentials] Selected 1.12.2+ Player Locale Provider as the provider for PlayerLocaleProvider
[19:40:01] [Server thread/INFO]: [Essentials] Selected 1.8.3+ Spawner Item Provider as the provider for SpawnerItemProvider
[19:40:01] [Server thread/INFO]: [Essentials] Selected Paper Container Provider as the provider for ContainerProvider
[19:40:01] [Server thread/INFO]: [Essentials] Selected 1.13+ Spawn Egg Provider as the provider for SpawnEggProvider
[19:40:01] [Server thread/INFO]: [Essentials] Selected 1.14+ Sign Data Provider as the provider for SignDataProvider
[19:40:01] [Server thread/INFO]: [Essentials] Selected 1.14.4+ Persistent Data Container Provider as the provider for PersistentDataProvider
[19:40:01] [Server thread/INFO]: [Essentials] Selected Reflection Sync Commands Provider as the provider for SyncCommandsProvider
[19:40:01] [Server thread/INFO]: [Essentials] Selected 1.17.1+ World Info Provider as the provider for WorldInfoProvider
[19:40:01] [Server thread/INFO]: [Essentials] Selected Reflection Online Mode Provider as the provider for OnlineModeProvider
[19:40:01] [Server thread/INFO]: [Essentials] Selected Reflection Spawner Block Provider as the provider for SpawnerBlockProvider
[19:40:01] [Server thread/INFO]: [Essentials] Selected 1.20.5+ Banner Data Provider as the provider for BannerDataProvider
[19:40:01] [Server thread/INFO]: [Essentials] Selected 1.21+ InventoryView Interface ABI Provider as the provider for InventoryViewProvider
[19:40:01] [Server thread/INFO]: [Essentials] Selected 1.11+ Item Unbreakable Provider as the provider for ItemUnbreakableProvider
[19:40:01] [Server thread/INFO]: [Essentials] Selected Reflection Formatted Command Alias Provider as the provider for FormattedCommandAliasProvider
[19:40:01] [Server thread/INFO]: [Essentials] Selected 1.20.4+ Damage Event Provider as the provider for DamageEventProvider
[19:40:01] [Server thread/INFO]: [Essentials] Selected Paper Serialization Provider as the provider for SerializationProvider
[19:40:01] [Server thread/INFO]: [Essentials] Selected 1.20.6+ Potion Meta Provider as the provider for PotionMetaProvider
[19:40:01] [Server thread/INFO]: [Essentials] Loaded 43465 items from items.json.
[19:40:02] [Server thread/INFO]: [Essentials] Using locale en
[19:40:02] [Server thread/INFO]: [Essentials] ServerListPingEvent: Spigot iterator API
[19:40:02] [Server thread/INFO]: [Essentials] Starting Metrics. Opt-out using the global bStats config.
[19:40:02] [Server thread/INFO]: [Essentials] Using superperms-based permissions.
[19:40:02] [Server thread/INFO]: [EssentialsChat] Enabling EssentialsChat v2.21.0-dev+185-5bf158c
[19:40:02] [Server thread/INFO]: [EssentialsChat] Starting Metrics. Opt-out using the global bStats config.
[19:40:02] [Server thread/INFO]: [BetterTeams] Enabling BetterTeams v4.11.0
[19:40:03] [Server thread/INFO]: [BetterTeams] Checking if the file messages.yml is up to date
[19:40:03] [Server thread/INFO]: [BetterTeams] File is up to date
[19:40:03] [Server thread/INFO]: Display team name config value: prefix
[19:40:03] [Server thread/INFO]: Loading below name. Type: PREFIX
[19:40:03] [Server thread/INFO]: teamManagement declared: com.booksaw.betterTeams.events.MCTeamManagement@725a1416
[19:40:03] [Server thread/INFO]: [voicechat] Enabling voicechat v2.5.26
[19:40:03] [Server thread/INFO]: [voicechat] Initializing compatibility for Bukkit version 1.21-R0.1
[19:40:03] [Server thread/INFO]: [voicechat] Compatibility version 18
[19:40:03] [Server thread/INFO]: [voicechat] Successfully initialized commodore command completion
[19:40:03] [Server thread/INFO]: [EssentialsSpawn] Enabling EssentialsSpawn v2.21.0-dev+185-5bf158c
[19:40:03] [Server thread/INFO]: [EssentialsSpawn] Starting Metrics. Opt-out using the global bStats config.
[19:40:04] [Server thread/INFO]: [spark] Starting background profiler...
[19:40:04] [Server thread/INFO]: Done preparing level "world" (8.725s)
[19:40:04] [Server thread/INFO]: Running delayed init tasks
[19:40:04] [Server thread/INFO]: Done (23.353s)! For help, type "help"
[19:40:04] [Server thread/INFO]: Timings Reset
[19:40:04] [Craft Scheduler Thread - 3 - Essentials/INFO]: [Essentials] Fetching version information...
[19:40:04] [Server thread/INFO]: [voicechat] Loading plugins
[19:40:04] [Server thread/INFO]: [voicechat] Loaded 0 plugin(s)
[19:40:04] [Server thread/INFO]: [voicechat] Initializing plugins
[19:40:04] [Server thread/INFO]: [voicechat] Initialized 0 plugin(s)
[19:40:04] [Server thread/WARN]: [voicechat] Running in offline mode - Voice chat encryption is not secure!
[19:40:04] [VoiceChatServerThread/INFO]: [voicechat] Voice host is 'western-array.gl.at.ply.gg:3014'
[19:40:04] [VoiceChatServerThread/INFO]: [voicechat] Voice chat server started at port 3014
[19:41:14] [User Authenticator #0/INFO]: UUID of player Gekito is b55088f6-471a-355c-aa85-7086aa1f8e7e
[19:41:16] [Server thread/INFO]: Gekito joined the game
[19:41:16] [Server thread/INFO]: Gekito[/127.4.64.75:39719] logged in with entity id 21 at ([world]274.72357147271856, 64.875, 63.28121584526027)
[19:41:17] [Server thread/INFO]: [voicechat] Received secret request of Gekito (18)
[19:41:17] [Server thread/INFO]: [voicechat] Sent secret to Gekito
[19:41:19] [VoiceChatPacketProcessingThread/INFO]: [voicechat] Successfully authenticated player b55088f6-471a-355c-aa85-7086aa1f8e7e
[19:41:20] [VoiceChatPacketProcessingThread/INFO]: [voicechat] Successfully validated connection of player b55088f6-471a-355c-aa85-7086aa1f8e7e
[19:41:20] [VoiceChatPacketProcessingThread/INFO]: [voicechat] Player Gekito (b55088f6-471a-355c-aa85-7086aa1f8e7e) successfully connected to voice chat
[19:41:53] [Server thread/INFO]: Gekito lost connection: Disconnected
[19:41:53] [Server thread/INFO]: [voicechat] Disconnecting client Gekito
[19:41:53] [Server thread/INFO]: Gekito left the game
